<?xml version="1.0" encoding="UTF-8"?>
<testsuite xmlns:xsi="http://www.w3.org/2001/XMLSchema-instance" xsi:noNamespaceSchemaLocation="https://maven.apache.org/surefire/maven-surefire-plugin/xsd/surefire-test-report-3.0.xsd" version="3.0" name="br.com.jrb.SaqueRunner" time="0.268" tests="4" errors="0" skipped="0" failures="0">
  <properties>
[...]
</properties>
  <testcase name="Saque com saldo suficiente" classname="Saque de dinheiro" time="0.057">
    <system-out><![CDATA[
Scenario: Saque com saldo suficiente                                  &amp#27;[90m# features/saque.feature:6&amp#27;[0m
  &amp#27;[32mGiven &amp#27;[0m&amp#27;[32mque a conta &amp#27;[0m&amp#27;[32m&amp#27;[1m"111.111.111-11"&amp#27;[0m&amp#27;[32m tem saldo &amp#27;[0m&amp#27;[32m&amp#27;[1m500.00&amp#27;[0m                 &amp#27;[90m# br.com.jrb.steps.SaqueSteps.criarConta(java.lang.String,double)&amp#27;[0m
Saque -200.0 registrado
  &amp#27;[32mWhen &amp#27;[0m&amp#27;[32mo usuÃ¡rio solicita saque de &amp#27;[0m&amp#27;[32m&amp#27;[1m200.00&amp#27;[0m&amp#27;[32m para o CPF &amp#27;[0m&amp#27;[32m&amp#27;[1m"111.111.111-11"&amp#27;[0m &amp#27;[90m# br.com.jrb.steps.SaqueSteps.solicitarSaque(double,java.lang.String)&amp#27;[0m
  &amp#27;[32mThen &amp#27;[0m&amp#27;[32mo saldo restante deve ser &amp#27;[0m&amp#27;[32m&amp#27;[1m300.00&amp#27;[0m                               &amp#27;[90m# br.com.jrb.steps.SaqueSteps.validarSaldo(double)&amp#27;[0m
]]></system-out>
  </testcase>
  <testcase name="Saque igual ao saldo disponível" classname="Saque de dinheiro" time="0.001">
    <system-out><![CDATA[
Scenario: Saque igual ao saldo disponÃ­vel                             &amp#27;[90m# features/saque.feature:11&amp#27;[0m
  &amp#27;[32mGiven &amp#27;[0m&amp#27;[32mque a conta &amp#27;[0m&amp#27;[32m&amp#27;[1m"222.222.222-22"&amp#27;[0m&amp#27;[32m tem saldo &amp#27;[0m&amp#27;[32m&amp#27;[1m400.00&amp#27;[0m                 &amp#27;[90m# br.com.jrb.steps.SaqueSteps.criarConta(java.lang.String,double)&amp#27;[0m
Saque -400.0 registrado
  &amp#27;[32mWhen &amp#27;[0m&amp#27;[32mo usuÃ¡rio solicita saque de &amp#27;[0m&amp#27;[32m&amp#27;[1m400.00&amp#27;[0m&amp#27;[32m para o CPF &amp#27;[0m&amp#27;[32m&amp#27;[1m"222.222.222-22"&amp#27;[0m &amp#27;[90m# br.com.jrb.steps.SaqueSteps.solicitarSaque(double,java.lang.String)&amp#27;[0m
  &amp#27;[32mThen &amp#27;[0m&amp#27;[32mo saldo restante deve ser &amp#27;[0m&amp#27;[32m&amp#27;[1m0.00&amp#27;[0m                                 &amp#27;[90m# br.com.jrb.steps.SaqueSteps.validarSaldo(double)&amp#27;[0m
]]></system-out>
  </testcase>
  <testcase name="Saque com valor superior ao saldo" classname="Saque de dinheiro" time="0.002">
    <system-out><![CDATA[
Scenario: Saque com valor superior ao saldo                           &amp#27;[90m# features/saque.feature:16&amp#27;[0m
  &amp#27;[32mGiven &amp#27;[0m&amp#27;[32mque a conta &amp#27;[0m&amp#27;[32m&amp#27;[1m"333.333.333-33"&amp#27;[0m&amp#27;[32m tem saldo &amp#27;[0m&amp#27;[32m&amp#27;[1m100.00&amp#27;[0m                 &amp#27;[90m# br.com.jrb.steps.SaqueSteps.criarConta(java.lang.String,double)&amp#27;[0m
  &amp#27;[32mWhen &amp#27;[0m&amp#27;[32mo usuÃ¡rio solicita saque de &amp#27;[0m&amp#27;[32m&amp#27;[1m150.00&amp#27;[0m&amp#27;[32m para o CPF &amp#27;[0m&amp#27;[32m&amp#27;[1m"333.333.333-33"&amp#27;[0m &amp#27;[90m# br.com.jrb.steps.SaqueSteps.solicitarSaque(double,java.lang.String)&amp#27;[0m
  &amp#27;[32mThen &amp#27;[0m&amp#27;[32mo sistema deve lanÃ§ar erro &amp#27;[0m&amp#27;[32m&amp#27;[1m"Saldo insuficiente."&amp#27;[0m               &amp#27;[90m# br.com.jrb.steps.SaqueSteps.validarErro(java.lang.String)&amp#27;[0m
]]></system-out>
  </testcase>
  <testcase name="Saque com valor inválido" classname="Saque de dinheiro" time="0.002">
    <system-out><![CDATA[
Scenario: Saque com valor invÃ¡lido                                  &amp#27;[90m# features/saque.feature:21&amp#27;[0m
  &amp#27;[32mGiven &amp#27;[0m&amp#27;[32mque a conta &amp#27;[0m&amp#27;[32m&amp#27;[1m"444.444.444-44"&amp#27;[0m&amp#27;[32m tem saldo &amp#27;[0m&amp#27;[32m&amp#27;[1m300.00&amp#27;[0m               &amp#27;[90m# br.com.jrb.steps.SaqueSteps.criarConta(java.lang.String,double)&amp#27;[0m
  &amp#27;[32mWhen &amp#27;[0m&amp#27;[32mo usuÃ¡rio solicita saque de &amp#27;[0m&amp#27;[32m&amp#27;[1m0.00&amp#27;[0m&amp#27;[32m para o CPF &amp#27;[0m&amp#27;[32m&amp#27;[1m"444.444.444-44"&amp#27;[0m &amp#27;[90m# br.com.jrb.steps.SaqueSteps.solicitarSaque(double,java.lang.String)&amp#27;[0m
  &amp#27;[32mThen &amp#27;[0m&amp#27;[32mo sistema deve lanÃ§ar erro &amp#27;[0m&amp#27;[32m&amp#27;[1m"Valor invÃ¡lido para saque."&amp#27;[0m      &amp#27;[90m# br.com.jrb.steps.SaqueSteps.validarErro(java.lang.String)&amp#27;[0m
]]></system-out>
  </testcase>
</testsuite>